/usr/cadtool/cadence/XCELIUM/XCELIUM_22.03.003/tools.lnx86/inca/bin/64bit/xmsim
Obtained 18 stack frames.
/usr/cadtool/cadence/XCELIUM/XCELIUM_22.03.003/tools.lnx86/inca/bin/64bit/../../../lib/64bit/libcbreakpad.so(_Z13use_backtracev+0x9d) [0x2b75dce791a3]
/usr/cadtool/cadence/XCELIUM/XCELIUM_22.03.003/tools.lnx86/inca/bin/64bit/../../../lib/64bit/libcbreakpad.so(cbpad_generate_dump_on_demand+0x66) [0x2b75dce79630]
xmsim() [0x18e1f36]
xmsim(serror+0x95) [0x18e3a95]
xmsim() [0xb4786c]
/lib64/libpthread.so.0(+0xf630) [0x2b75dd005630]
/lib64/libc.so.6(gsignal+0x37) [0x2b75dd928387]
/lib64/libc.so.6(abort+0x148) [0x2b75dd929a78]
/usr/cadtool/cadence/XCELIUM/XCELIUM_22.03.003/tools.lnx86/inca/bin/64bit/../../../lib/64bit/libstdc++.so.6(+0x9a663) [0x2b75dd7b2663]
/usr/cadtool/cadence/XCELIUM/XCELIUM_22.03.003/tools.lnx86/inca/bin/64bit/../../../lib/64bit/libstdc++.so.6(+0xa6096) [0x2b75dd7be096]
/usr/cadtool/cadence/XCELIUM/XCELIUM_22.03.003/tools.lnx86/inca/bin/64bit/../../../lib/64bit/libstdc++.so.6(+0xa6101) [0x2b75dd7be101]
/usr/cadtool/cadence/XCELIUM/XCELIUM_22.03.003/tools.lnx86/inca/bin/64bit/../../../lib/64bit/libstdc++.so.6(+0xa6355) [0x2b75dd7be355]
/usr/cadtool/cadence/STRATUS/STRATUS_21.10.100/tools.lnx86/stratus/lib/64bit/libbdw_st.so(+0x2a0541) [0x2b75dfe78541]
/usr/cadtool/cadence/STRATUS/STRATUS_21.10.100/tools.lnx86/stratus/lib/64bit/libbdw_st.so(msgAbortChk+0x5a) [0x2b75e000088a]
/usr/cadtool/cadence/STRATUS/STRATUS_21.10.100/tools.lnx86/stratus/lib/64bit/libstratus_hls.so(_Z9vatMsgLocPv5MsgIdRK9MsgLimValiP13__va_list_tag+0x145) [0x2b75e3f85da5]
/usr/cadtool/cadence/STRATUS/STRATUS_21.10.100/tools.lnx86/stratus/lib/64bit/libstratus_hls.so(_Z7message5MsgIdiz+0x9f) [0x2b75e3f865cf]
/lib64/libpthread.so.0(+0xf630) [0x2b75dd005630]
[0x2b75df1f679c]
