/usr/cadtool/cadence/XCELIUM/XCELIUM_22.03.003/tools.lnx86/inca/bin/64bit/xmsim
Obtained 18 stack frames.
/usr/cadtool/cadence/XCELIUM/XCELIUM_22.03.003/tools.lnx86/inca/bin/64bit/../../../lib/64bit/libcbreakpad.so(_Z13use_backtracev+0x9d) [0x2b43232541a3]
/usr/cadtool/cadence/XCELIUM/XCELIUM_22.03.003/tools.lnx86/inca/bin/64bit/../../../lib/64bit/libcbreakpad.so(cbpad_generate_dump_on_demand+0x66) [0x2b4323254630]
xmsim() [0x18e1f36]
xmsim(serror+0x95) [0x18e3a95]
xmsim() [0xb4786c]
/lib64/libpthread.so.0(+0xf630) [0x2b43233e0630]
/lib64/libc.so.6(gsignal+0x37) [0x2b4323d03387]
/lib64/libc.so.6(abort+0x148) [0x2b4323d04a78]
/usr/cadtool/cadence/XCELIUM/XCELIUM_22.03.003/tools.lnx86/inca/bin/64bit/../../../lib/64bit/libstdc++.so.6(+0x9a663) [0x2b4323b8d663]
/usr/cadtool/cadence/XCELIUM/XCELIUM_22.03.003/tools.lnx86/inca/bin/64bit/../../../lib/64bit/libstdc++.so.6(+0xa6096) [0x2b4323b99096]
/usr/cadtool/cadence/XCELIUM/XCELIUM_22.03.003/tools.lnx86/inca/bin/64bit/../../../lib/64bit/libstdc++.so.6(+0xa6101) [0x2b4323b99101]
/usr/cadtool/cadence/XCELIUM/XCELIUM_22.03.003/tools.lnx86/inca/bin/64bit/../../../lib/64bit/libstdc++.so.6(+0xa6355) [0x2b4323b99355]
/usr/cadtool/cadence/STRATUS/STRATUS_21.10.100/tools.lnx86/stratus/lib/64bit/libbdw_st.so(+0x2a0541) [0x2b432604c541]
/usr/cadtool/cadence/STRATUS/STRATUS_21.10.100/tools.lnx86/stratus/lib/64bit/libbdw_st.so(msgAbortChk+0x5a) [0x2b43261d488a]
/usr/cadtool/cadence/STRATUS/STRATUS_21.10.100/tools.lnx86/stratus/lib/64bit/libstratus_hls.so(_Z9vatMsgLocPv5MsgIdRK9MsgLimValiP13__va_list_tag+0x145) [0x2b432a159da5]
/usr/cadtool/cadence/STRATUS/STRATUS_21.10.100/tools.lnx86/stratus/lib/64bit/libstratus_hls.so(_Z7message5MsgIdiz+0x9f) [0x2b432a15a5cf]
/lib64/libpthread.so.0(+0xf630) [0x2b43233e0630]
[0x5b94292]
